Flow report for tp1
Sun Jun  9 16:05:26 2013
Quartus II Version 11.0 Build 157 04/27/2011 SJ Web Edition


---------------------
; Table of Contents ;
---------------------
  1. Legal Notice
  2. Flow Summary
  3. Flow Settings
  4. Flow Non-Default Global Settings
  5. Flow Elapsed Time
  6. Flow OS Summary
  7. Flow Log



----------------
; Legal Notice ;
----------------
Copyright (C) 1991-2011 Altera Corporation
Your use of Altera Corporation's design tools, logic functions 
and other software and tools, and its AMPP partner logic 
functions, and any output files from any of the foregoing 
(including device programming or simulation files), and any 
associated documentation or information are expressly subject 
to the terms and conditions of the Altera Program License 
Subscription Agreement, Altera MegaCore Function License 
Agreement, or other applicable license agreement, including, 
without limitation, that your use is for the sole purpose of 
programming logic devices manufactured by Altera and sold by 
Altera or its authorized distributors.  Please refer to the 
applicable agreement for further details.



+-------------------------------------------------------------------------------+
; Flow Summary                                                                  ;
+------------------------------------+------------------------------------------+
; Flow Status                        ; Successful - Sun Jun  9 16:05:26 2013    ;
; Quartus II Version                 ; 11.0 Build 157 04/27/2011 SJ Web Edition ;
; Revision Name                      ; tp1                                      ;
; Top-level Entity Name              ; tp1                                      ;
; Family                             ; Cyclone II                               ;
; Device                             ; EP2C35F672C6                             ;
; Timing Models                      ; Final                                    ;
; Total logic elements               ; 1,410 / 33,216 ( 4 % )                   ;
;     Total combinational functions  ; 1,308 / 33,216 ( 4 % )                   ;
;     Dedicated logic registers      ; 377 / 33,216 ( 1 % )                     ;
; Total registers                    ; 377                                      ;
; Total pins                         ; 80 / 475 ( 17 % )                        ;
; Total virtual pins                 ; 0                                        ;
; Total memory bits                  ; 800 / 483,840 ( < 1 % )                  ;
; Embedded Multiplier 9-bit elements ; 0 / 70 ( 0 % )                           ;
; Total PLLs                         ; 0 / 4 ( 0 % )                            ;
+------------------------------------+------------------------------------------+


+-----------------------------------------+
; Flow Settings                           ;
+-------------------+---------------------+
; Option            ; Setting             ;
+-------------------+---------------------+
; Start date & time ; 06/09/2013 16:04:38 ;
; Main task         ; Compilation         ;
; Revision Name     ; tp1                 ;
+-------------------+---------------------+


+---------------------------------------------------------------------------------------------------------------------------------------+
; Flow Non-Default Global Settings                                                                                                      ;
+------------------------------------------------+---------------------------------------+---------------+-------------+----------------+
; Assignment Name                                ; Value                                 ; Default Value ; Entity Name ; Section Id     ;
+------------------------------------------------+---------------------------------------+---------------+-------------+----------------+
; COMPILER_SIGNATURE_ID                          ; 31618988262181.137080467809429        ; --            ; --          ; --             ;
; EDA_GENERATE_FUNCTIONAL_NETLIST                ; On                                    ; --            ; --          ; eda_simulation ;
; EDA_OUTPUT_DATA_FORMAT                         ; Verilog Hdl                           ; --            ; --          ; eda_simulation ;
; EDA_SIMULATION_TOOL                            ; ModelSim-Altera (Verilog)             ; <None>        ; --          ; --             ;
; EDA_TIME_SCALE                                 ; 1 ps                                  ; --            ; --          ; eda_simulation ;
; EDA_USER_COMPILED_SIMULATION_LIBRARY_DIRECTORY ; /home/junior/Desktop/teste/simulation ; --            ; --          ; eda_simulation ;
; MAX_CORE_JUNCTION_TEMP                         ; 85                                    ; --            ; --          ; --             ;
; MIN_CORE_JUNCTION_TEMP                         ; 0                                     ; --            ; --          ; --             ;
; PARTITION_COLOR                                ; 16764057                              ; --            ; --          ; Top            ;
; PARTITION_FITTER_PRESERVATION_LEVEL            ; PLACEMENT_AND_ROUTING                 ; --            ; --          ; Top            ;
; PARTITION_NETLIST_TYPE                         ; SOURCE                                ; --            ; --          ; Top            ;
; POWER_BOARD_THERMAL_MODEL                      ; None (CONSERVATIVE)                   ; --            ; --          ; --             ;
; POWER_PRESET_COOLING_SOLUTION                  ; 23 MM HEAT SINK WITH 200 LFPM AIRFLOW ; --            ; --          ; --             ;
+------------------------------------------------+---------------------------------------+---------------+-------------+----------------+


+-------------------------------------------------------------------------------------------------------------------------------+
; Flow Elapsed Time                                                                                                             ;
+---------------------------+--------------+-------------------------+---------------------+------------------------------------+
; Module Name               ; Elapsed Time ; Average Processors Used ; Peak Virtual Memory ; Total CPU Time (on all processors) ;
+---------------------------+--------------+-------------------------+---------------------+------------------------------------+
; Analysis & Synthesis      ; 00:00:12     ; 1.0                     ; --                  ; 00:00:12                           ;
; Fitter                    ; 00:00:21     ; 1.0                     ; --                  ; 00:00:20                           ;
; Assembler                 ; 00:00:03     ; 1.0                     ; --                  ; 00:00:03                           ;
; TimeQuest Timing Analyzer ; 00:00:07     ; 1.0                     ; --                  ; 00:00:07                           ;
; EDA Netlist Writer        ; 00:00:02     ; 1.0                     ; --                  ; 00:00:01                           ;
; Total                     ; 00:00:45     ; --                      ; --                  ; 00:00:43                           ;
+---------------------------+--------------+-------------------------+---------------------+------------------------------------+


+-------------------------------------------------------------------------------------------+
; Flow OS Summary                                                                           ;
+---------------------------+------------------+--------------+------------+----------------+
; Module Name               ; Machine Hostname ; OS Name      ; OS Version ; Processor type ;
+---------------------------+------------------+--------------+------------+----------------+
; Analysis & Synthesis      ; ubuntu           ; Ubuntu 13.04 ; 13         ; x86_64         ;
; Fitter                    ; ubuntu           ; Ubuntu 13.04 ; 13         ; x86_64         ;
; Assembler                 ; ubuntu           ; Ubuntu 13.04 ; 13         ; x86_64         ;
; TimeQuest Timing Analyzer ; ubuntu           ; Ubuntu 13.04 ; 13         ; x86_64         ;
; EDA Netlist Writer        ; ubuntu           ; Ubuntu 13.04 ; 13         ; x86_64         ;
+---------------------------+------------------+--------------+------------+----------------+


------------
; Flow Log ;
------------
quartus_map --read_settings_files=on --write_settings_files=off tp1 -c tp1
quartus_fit --read_settings_files=off --write_settings_files=off tp1 -c tp1
quartus_asm --read_settings_files=off --write_settings_files=off tp1 -c tp1
quartus_sta tp1 -c tp1
quartus_eda --read_settings_files=off --write_settings_files=off tp1 -c tp1



